<?xml version="1.0" encoding="UTF-8"?>
<!-- Generated by org.testng.reporters.JUnitReportReporter -->
<testsuite skipped="0" hostname="LAPTOP-N20DUSAV" name="com.prestashop.tests.SreachTest" tests="2" failures="0" timestamp="28 Feb 2018 01:56:47 GMT" time="7.832" errors="0">
  <testcase name="searchTest" time="6.448" classname="com.prestashop.tests.SreachTest"/>
  <testcase name="productDetailsTest" time="1.384" classname="com.prestashop.tests.SreachTest"/>
</testsuite> <!-- com.prestashop.tests.SreachTest -->
