<?xml version="1.0" encoding="UTF-8"?>
<!-- Generated by org.testng.reporters.JUnitReportReporter -->
<testsuite skipped="0" hostname="LAPTOP-N20DUSAV" name="tests.GoogleSearch" tests="1" failures="0" timestamp="25 Feb 2018 22:05:35 GMT" time="1.359" errors="0">
  <testcase name="googleSearch" time="1.359" classname="tests.GoogleSearch"/>
</testsuite> <!-- tests.GoogleSearch -->
