<?xml version="1.0" encoding="UTF-8"?>
<!-- Generated by org.testng.reporters.JUnitReportReporter -->
<testsuite skipped="0" hostname="LAPTOP-N20DUSAV" name="com.prestashop.tests.search.ProductDetailsTest" tests="2" failures="0" timestamp="04 Mar 2018 16:23:36 GMT" time="7.000" errors="0">
  <testcase name="searchTest" time="5.960" classname="com.prestashop.tests.search.ProductDetailsTest"/>
  <testcase name="productDetailsTest" time="1.040" classname="com.prestashop.tests.search.ProductDetailsTest"/>
</testsuite> <!-- com.prestashop.tests.search.ProductDetailsTest -->
