<?xml version="1.0" encoding="UTF-8"?>
<!-- Generated by org.testng.reporters.JUnitReportReporter -->
<testsuite skipped="0" hostname="LAPTOP-N20DUSAV" name="com.prestashop.tests.search.SreachTest" tests="2" failures="0" timestamp="03 Mar 2018 20:52:17 GMT" time="7.147" errors="0">
  <testcase name="searchTest" time="6.221" classname="com.prestashop.tests.search.SreachTest"/>
  <testcase name="productDetailsTest" time="0.926" classname="com.prestashop.tests.search.SreachTest"/>
</testsuite> <!-- com.prestashop.tests.search.SreachTest -->
