<?xml version="1.0" encoding="UTF-8"?>
<!-- Generated by org.testng.reporters.JUnitReportReporter -->
<testsuite skipped="0" hostname="LAPTOP-N20DUSAV" name="com.prestashop.tests.contactus.PhoneNumberTest" tests="2" failures="0" timestamp="04 Mar 2018 17:22:07 GMT" time="0.392" errors="0">
  <testcase name="callUsNowTest" time="0.124" classname="com.prestashop.tests.contactus.PhoneNumberTest"/>
  <testcase name="populatItemsPricesTest" time="0.268" classname="com.prestashop.tests.contactus.PhoneNumberTest"/>
</testsuite> <!-- com.prestashop.tests.contactus.PhoneNumberTest -->
