<?xml version="1.0" encoding="UTF-8"?>
<!-- Generated by org.testng.reporters.JUnitReportReporter -->
<testsuite skipped="0" hostname="LAPTOP-N20DUSAV" name="com.amazonaws.tests.AwsCalculatorTest" tests="2" failures="0" timestamp="07 Mar 2018 02:55:20 GMT" time="1.262" errors="0">
  <testcase name="defaultMonthlyBillTest" time="0.910" classname="com.amazonaws.tests.AwsCalculatorTest"/>
  <testcase name="addEC2Test" time="0.352" classname="com.amazonaws.tests.AwsCalculatorTest"/>
</testsuite> <!-- com.amazonaws.tests.AwsCalculatorTest -->
