<?xml version="1.0" encoding="UTF-8"?>
<!-- Generated by org.testng.reporters.JUnitReportReporter -->
<testsuite skipped="0" hostname="LAPTOP-N20DUSAV" name="tests.LoginTest" tests="1" failures="0" timestamp="25 Feb 2018 21:43:07 GMT" time="2.294" errors="0">
  <testcase name="positiveLogin" time="2.294" classname="tests.LoginTest"/>
</testsuite> <!-- tests.LoginTest -->
