<?xml version="1.0" encoding="UTF-8"?>
<!-- Generated by org.testng.reporters.JUnitReportReporter -->
<testsuite skipped="0" hostname="LAPTOP-N20DUSAV" name="com.prestashop.tests.ContactUsTest" tests="1" failures="0" timestamp="01 Mar 2018 03:15:23 GMT" time="1.826" errors="0">
  <testcase name="uplaodFile" time="1.826" classname="com.prestashop.tests.ContactUsTest"/>
</testsuite> <!-- com.prestashop.tests.ContactUsTest -->
