<?xml version="1.0" encoding="UTF-8"?>
<!-- Generated by org.testng.reporters.JUnitReportReporter -->
<testsuite skipped="0" hostname="LAPTOP-N20DUSAV" name="com.prestashop.tests.ProductCheckOutTest" tests="2" failures="0" timestamp="28 Feb 2018 02:38:44 GMT" time="2.247" errors="0">
  <testcase name="productListingTest" time="1.487" classname="com.prestashop.tests.ProductCheckOutTest"/>
  <testcase name="checkOutTest" time="0.760" classname="com.prestashop.tests.ProductCheckOutTest"/>
</testsuite> <!-- com.prestashop.tests.ProductCheckOutTest -->
