<?xml version="1.0" encoding="UTF-8"?>
<!-- Generated by org.testng.reporters.JUnitReportReporter -->
<testsuite skipped="0" hostname="LAPTOP-N20DUSAV" name="com.prestashop.tests.contactus.ContactUsTest" tests="1" failures="0" timestamp="04 Mar 2018 16:26:59 GMT" time="1.891" errors="0">
  <testcase name="uplaodFile" time="1.891" classname="com.prestashop.tests.contactus.ContactUsTest"/>
</testsuite> <!-- com.prestashop.tests.contactus.ContactUsTest -->
