<?xml version="1.0" encoding="UTF-8"?>
<!-- Generated by org.testng.reporters.JUnitReportReporter -->
<testsuite skipped="0" hostname="LAPTOP-N20DUSAV" name="com.prestashop.tests.checkout.ProductCheckOutTest" tests="2" failures="0" timestamp="04 Mar 2018 17:25:43 GMT" time="1.741" errors="0">
  <testcase name="productListingTest" time="0.890" classname="com.prestashop.tests.checkout.ProductCheckOutTest"/>
  <testcase name="checkOutTest" time="0.851" classname="com.prestashop.tests.checkout.ProductCheckOutTest"/>
</testsuite> <!-- com.prestashop.tests.checkout.ProductCheckOutTest -->
