<?xml version="1.0" encoding="UTF-8"?>
<!-- Generated by org.testng.reporters.JUnitReportReporter -->
<testsuite skipped="0" hostname="LAPTOP-N20DUSAV" name="com.prestashop.tests.registration.LoginTest" tests="2" failures="0" timestamp="04 Mar 2018 20:14:40 GMT" time="4.344" errors="0">
  <testcase name="positiveLogin" time="2.031" classname="com.prestashop.tests.registration.LoginTest"/>
  <testcase name="positiveLogin" time="2.313" classname="com.prestashop.tests.registration.LoginTest"/>
</testsuite> <!-- com.prestashop.tests.registration.LoginTest -->
